lattices  decomp	steps	SECONDS	MLUPS
1000 1 10000  7659    1305653
1000 2 10000  1542    6485084
1000 4 10000  575    17391304
1000 5 10000  442    22624434
1000 8 10000  135    74074074
1000 10 10000  82    121951219
1000 20 10000  34    294117647

============================= JOB FEEDBACK =============================

NodeName=uc1n[625,630-632,637,640,642-647,722,728,732]
Job ID: 20962906
Cluster: uc2
User/Group: fr_dr255/fr_fr
State: COMPLETED (exit code 0)
Nodes: 15
Cores per node: 56
CPU Utilized: 15:46:46
CPU Efficiency: 0.65% of 101-21:06:00 core-walltime
Job Wall-clock time: 02:54:39
Memory Utilized: 5.02 GB
Memory Efficiency: 5.57% of 90.00 GB
